--------
/home/cloud/Cascade-NETINF/netinf.Err
Tue Nov 25 21:24:26 2014
Execution stopped: (0<=ValN)&&(ValN<Vals) [Reason:'Index:1 Vals:1 MxVals:16 Type:4TVecI4TStrE'], file ./snap/../glib/ds.h, line 410
--------
--------
/home/cloud/Cascade-NETINF/netinf.Err
Tue Nov 25 21:24:26 2014
Execution stopped: ((this!=GetNullRStr())&&(Refs==0))||((this==GetNullRStr())&&(Refs==1)), file ./snap/../glib/dt.h, line 346
--------
--------
/home/cloud/Cascade-NETINF/netinf.Err
Tue Nov 25 21:24:50 2014
Execution stopped: (0<=ValN)&&(ValN<Vals) [Reason:'Index:1 Vals:1 MxVals:16 Type:4TVecI4TStrE'], file ./snap/../glib/ds.h, line 410
--------
--------
/home/cloud/Cascade-NETINF/netinf.Err
Tue Nov 25 21:24:50 2014
Execution stopped: ((this!=GetNullRStr())&&(Refs==0))||((this==GetNullRStr())&&(Refs==1)), file ./snap/../glib/dt.h, line 346
--------
--------
/home/cloud/Cascade-NETINF/netinf.Err
Tue Nov 25 21:29:49 2014
Execution stopped: (0<=ValN)&&(ValN<Vals) [Reason:'Index:1 Vals:1 MxVals:16 Type:4TVecI4TStrE'], file ./snap/../glib/ds.h, line 410
--------
--------
/home/cloud/Cascade-NETINF/netinf.Err
Tue Nov 25 21:29:49 2014
Execution stopped: ((this!=GetNullRStr())&&(Refs==0))||((this==GetNullRStr())&&(Refs==1)), file ./snap/../glib/dt.h, line 346
--------
--------
/home/cloud/Cascade-NETINF/netinf.Err
Tue Nov 25 21:30:04 2014
Execution stopped: (0<=ValN)&&(ValN<Vals) [Reason:'Index:1 Vals:1 MxVals:16 Type:4TVecI4TStrE'], file ./snap/../glib/ds.h, line 410
--------
--------
/home/cloud/Cascade-NETINF/netinf.Err
Tue Nov 25 21:30:04 2014
Execution stopped: ((this!=GetNullRStr())&&(Refs==0))||((this==GetNullRStr())&&(Refs==1)), file ./snap/../glib/dt.h, line 346
--------
--------
/home/cloud/Cascade-NETINF/netinf.Err
Tue Nov 25 21:35:18 2014
Execution stopped: (0<=ValN)&&(ValN<Vals) [Reason:'Index:1 Vals:1 MxVals:16 Type:4TVecI4TStrE'], file ./snap/../glib/ds.h, line 410
--------
--------
/home/cloud/Cascade-NETINF/netinf.Err
Tue Nov 25 21:35:18 2014
Execution stopped: ((this!=GetNullRStr())&&(Refs==0))||((this==GetNullRStr())&&(Refs==1)), file ./snap/../glib/dt.h, line 346
--------
--------
/home/cloud/Cascade-NETINF/netinf.Err
Tue Nov 25 21:39:56 2014
Execution stopped: (0<=ValN)&&(ValN<Vals) [Reason:'Index:1 Vals:1 MxVals:16 Type:4TVecI4TStrE'], file ./snap/../glib/ds.h, line 410
--------
--------
/home/cloud/Cascade-NETINF/netinf.Err
Tue Nov 25 21:39:56 2014
Execution stopped: ((this!=GetNullRStr())&&(Refs==0))||((this==GetNullRStr())&&(Refs==1)), file ./snap/../glib/dt.h, line 346
--------
--------
/home/cloud/Cascade-NETINF/netinf.Err
Tue Nov 25 21:40:05 2014
Execution stopped: (0<=ValN)&&(ValN<Vals) [Reason:'Index:1 Vals:1 MxVals:16 Type:4TVecI4TStrE'], file ./snap/../glib/ds.h, line 410
--------
--------
/home/cloud/Cascade-NETINF/netinf.Err
Tue Nov 25 21:40:05 2014
Execution stopped: ((this!=GetNullRStr())&&(Refs==0))||((this==GetNullRStr())&&(Refs==1)), file ./snap/../glib/dt.h, line 346
--------
--------
/home/cloud/Cascade-NETINF/netinf.Err
Tue Nov 25 21:46:32 2014
Execution stopped: IsFlt(false, 0, 0, Val), file ./snap/../glib/dt.h, line 601
--------
--------
/home/cloud/Cascade-NETINF/netinf.Err
Tue Nov 25 21:46:32 2014
Execution stopped: ((this!=GetNullRStr())&&(Refs==0))||((this==GetNullRStr())&&(Refs==1)), file ./snap/../glib/dt.h, line 346
--------
--------
/home/cloud/Cascade-NETINF/netinf.Err
Tue Nov 25 21:51:57 2014
Execution stopped: IsFlt(false, 0, 0, Val), file ./snap/../glib/dt.h, line 601
--------
--------
/home/cloud/Cascade-NETINF/netinf.Err
Tue Nov 25 21:51:57 2014
Execution stopped: ((this!=GetNullRStr())&&(Refs==0))||((this==GetNullRStr())&&(Refs==1)), file ./snap/../glib/dt.h, line 346
--------
--------
/home/cloud/Cascade-NETINF/netinf.Err
Tue Nov 25 21:52:34 2014
Execution stopped: IsFlt(false, 0, 0, Val), file ./snap/../glib/dt.h, line 601
--------
--------
/home/cloud/Cascade-NETINF/netinf.Err
Tue Nov 25 21:52:34 2014
Execution stopped: ((this!=GetNullRStr())&&(Refs==0))||((this==GetNullRStr())&&(Refs==1)), file ./snap/../glib/dt.h, line 346
--------
